<?xml version="1.0" encoding="UTF-8"?>
<!-- Generated by org.testng.reporters.JUnitReportReporter -->
<testsuite skipped="0" hostname="NEMANI" name="MavenDemo.MavenDemo" tests="1" failures="0" timestamp="2018-12-03T14:58:41 IST" time="0.005" errors="0">
  <testcase name="demo" time="0.005" classname="MavenDemo.MavenDemo"/>
</testsuite> <!-- MavenDemo.MavenDemo -->
